[error] Failed to fetch Firebase Project from Studio Workspace because WORKSPACE_SLUG environment variable is empty
[error] Failed to fetch Firebase Project from Studio Workspace because WORKSPACE_SLUG environment variable is empty
[error] Failed to fetch Firebase Project from Studio Workspace because WORKSPACE_SLUG environment variable is empty
[error] Failed to fetch Firebase Project from Studio Workspace because WORKSPACE_SLUG environment variable is empty
[debug] [2025-10-25T09:00:11.598Z] > command requires scopes: ["email","openid","https://www.googleapis.com/auth/cloudplatformprojects.readonly","https://www.googleapis.com/auth/firebase","https://www.googleapis.com/auth/cloud-platform","https://www.googleapis.com/auth/userinfo.email"]
[debug] [2025-10-25T09:00:11.599Z] > authorizing via signed-in user (baranguler.65091@gmail.com)
[debug] [2025-10-25T09:00:11.612Z] Checked if tokens are valid: true, expires at: 1761384117972
[debug] [2025-10-25T09:00:11.613Z] Checked if tokens are valid: true, expires at: 1761384117972
[debug] [2025-10-25T09:00:11.627Z] Checked if tokens are valid: true, expires at: 1761384117972
[debug] [2025-10-25T09:00:11.627Z] Checked if tokens are valid: true, expires at: 1761384117972
[debug] [2025-10-25T09:00:11.628Z] Checked if tokens are valid: true, expires at: 1761384117972
[debug] [2025-10-25T09:00:11.628Z] Checked if tokens are valid: true, expires at: 1761384117972
[debug] [2025-10-25T09:00:11.629Z] > command requires scopes: ["email","openid","https://www.googleapis.com/auth/cloudplatformprojects.readonly","https://www.googleapis.com/auth/firebase","https://www.googleapis.com/auth/cloud-platform","https://www.googleapis.com/auth/userinfo.email"]
[debug] [2025-10-25T09:00:11.629Z] > authorizing via signed-in user (baranguler.65091@gmail.com)
[debug] [2025-10-25T09:00:11.632Z] >>> [apiv2][query] GET https://serviceusage.googleapis.com/v1/projects/bematch-new/services/firebasedataconnect.googleapis.com [none]
[debug] [2025-10-25T09:00:11.632Z] >>> [apiv2][(partial)header] GET https://serviceusage.googleapis.com/v1/projects/bematch-new/services/firebasedataconnect.googleapis.com x-goog-quota-user=projects/bematch-new
[debug] [2025-10-25T09:00:11.636Z] >>> [apiv2][query] GET https://serviceusage.googleapis.com/v1/projects/bematch-new/services/firebaseapphosting.googleapis.com [none]
[debug] [2025-10-25T09:00:11.636Z] >>> [apiv2][(partial)header] GET https://serviceusage.googleapis.com/v1/projects/bematch-new/services/firebaseapphosting.googleapis.com x-goog-quota-user=projects/bematch-new
[debug] [2025-10-25T09:00:11.639Z] >>> [apiv2][query] GET https://serviceusage.googleapis.com/v1/projects/bematch-new/services/firebaseio.com [none]
[debug] [2025-10-25T09:00:11.639Z] >>> [apiv2][(partial)header] GET https://serviceusage.googleapis.com/v1/projects/bematch-new/services/firebaseio.com x-goog-quota-user=projects/bematch-new
[debug] [2025-10-25T09:00:11.641Z] Checked if tokens are valid: true, expires at: 1761384117972
[debug] [2025-10-25T09:00:11.641Z] Checked if tokens are valid: true, expires at: 1761384117972
[debug] [2025-10-25T09:00:11.644Z] Checked if tokens are valid: true, expires at: 1761384117972
[debug] [2025-10-25T09:00:11.645Z] Checked if tokens are valid: true, expires at: 1761384117972
[debug] [2025-10-25T09:00:11.645Z] Checked if tokens are valid: true, expires at: 1761384117972
[debug] [2025-10-25T09:00:11.646Z] Checked if tokens are valid: true, expires at: 1761384117972
[debug] [2025-10-25T09:00:11.646Z] >>> [apiv2][query] GET https://serviceusage.googleapis.com/v1/projects/bematch-new/services/firebasedataconnect.googleapis.com [none]
[debug] [2025-10-25T09:00:11.646Z] >>> [apiv2][(partial)header] GET https://serviceusage.googleapis.com/v1/projects/bematch-new/services/firebasedataconnect.googleapis.com x-goog-quota-user=projects/bematch-new
[debug] [2025-10-25T09:00:11.648Z] >>> [apiv2][query] GET https://serviceusage.googleapis.com/v1/projects/bematch-new/services/firebaseapphosting.googleapis.com [none]
[debug] [2025-10-25T09:00:11.648Z] >>> [apiv2][(partial)header] GET https://serviceusage.googleapis.com/v1/projects/bematch-new/services/firebaseapphosting.googleapis.com x-goog-quota-user=projects/bematch-new
[debug] [2025-10-25T09:00:11.650Z] >>> [apiv2][query] GET https://serviceusage.googleapis.com/v1/projects/bematch-new/services/firebaseio.com [none]
[debug] [2025-10-25T09:00:11.651Z] >>> [apiv2][(partial)header] GET https://serviceusage.googleapis.com/v1/projects/bematch-new/services/firebaseio.com x-goog-quota-user=projects/bematch-new
[debug] [2025-10-25T09:00:12.362Z] <<< [apiv2][status] GET https://serviceusage.googleapis.com/v1/projects/bematch-new/services/firebaseio.com 403
[debug] [2025-10-25T09:00:12.363Z] <<< [apiv2][body] GET https://serviceusage.googleapis.com/v1/projects/bematch-new/services/firebaseio.com [omitted]
[debug] [2025-10-25T09:00:12.381Z] <<< [apiv2][status] GET https://serviceusage.googleapis.com/v1/projects/bematch-new/services/firebaseio.com 403
[debug] [2025-10-25T09:00:12.382Z] <<< [apiv2][body] GET https://serviceusage.googleapis.com/v1/projects/bematch-new/services/firebaseio.com [omitted]
[debug] [2025-10-25T09:00:12.479Z] <<< [apiv2][status] GET https://serviceusage.googleapis.com/v1/projects/bematch-new/services/firebasedataconnect.googleapis.com 200
[debug] [2025-10-25T09:00:12.479Z] <<< [apiv2][body] GET https://serviceusage.googleapis.com/v1/projects/bematch-new/services/firebasedataconnect.googleapis.com [omitted]
[debug] [2025-10-25T09:00:12.493Z] <<< [apiv2][status] GET https://serviceusage.googleapis.com/v1/projects/bematch-new/services/firebasedataconnect.googleapis.com 200
[debug] [2025-10-25T09:00:12.494Z] <<< [apiv2][body] GET https://serviceusage.googleapis.com/v1/projects/bematch-new/services/firebasedataconnect.googleapis.com [omitted]
[debug] [2025-10-25T09:00:12.512Z] <<< [apiv2][status] GET https://serviceusage.googleapis.com/v1/projects/bematch-new/services/firebaseapphosting.googleapis.com 200
[debug] [2025-10-25T09:00:12.513Z] <<< [apiv2][body] GET https://serviceusage.googleapis.com/v1/projects/bematch-new/services/firebaseapphosting.googleapis.com [omitted]
[error] Failed to fetch Firebase Project from Studio Workspace because WORKSPACE_SLUG environment variable is empty
[debug] [2025-10-25T09:00:12.525Z] <<< [apiv2][status] GET https://serviceusage.googleapis.com/v1/projects/bematch-new/services/firebaseapphosting.googleapis.com 200
[debug] [2025-10-25T09:00:12.526Z] <<< [apiv2][body] GET https://serviceusage.googleapis.com/v1/projects/bematch-new/services/firebaseapphosting.googleapis.com [omitted]
[error] Failed to fetch Firebase Project from Studio Workspace because WORKSPACE_SLUG environment variable is empty
[error] Failed to fetch Firebase Project from Studio Workspace because WORKSPACE_SLUG environment variable is empty
[debug] [2025-10-25T09:00:12.543Z] > command requires scopes: ["email","openid","https://www.googleapis.com/auth/cloudplatformprojects.readonly","https://www.googleapis.com/auth/firebase","https://www.googleapis.com/auth/cloud-platform","https://www.googleapis.com/auth/userinfo.email"]
[debug] [2025-10-25T09:00:12.543Z] > authorizing via signed-in user (baranguler.65091@gmail.com)
[error] Failed to fetch Firebase Project from Studio Workspace because WORKSPACE_SLUG environment variable is empty
[debug] [2025-10-25T09:00:12.546Z] > command requires scopes: ["email","openid","https://www.googleapis.com/auth/cloudplatformprojects.readonly","https://www.googleapis.com/auth/firebase","https://www.googleapis.com/auth/cloud-platform","https://www.googleapis.com/auth/userinfo.email"]
[debug] [2025-10-25T09:00:12.546Z] > authorizing via signed-in user (baranguler.65091@gmail.com)
[error] Failed to fetch Firebase Project from Studio Workspace because WORKSPACE_SLUG environment variable is empty
[error] Failed to fetch Firebase Project from Studio Workspace because WORKSPACE_SLUG environment variable is empty
[error] Failed to fetch Firebase Project from Studio Workspace because WORKSPACE_SLUG environment variable is empty
[error] Failed to fetch Firebase Project from Studio Workspace because WORKSPACE_SLUG environment variable is empty
[debug] [2025-10-25T09:00:12.597Z] > command requires scopes: ["email","openid","https://www.googleapis.com/auth/cloudplatformprojects.readonly","https://www.googleapis.com/auth/firebase","https://www.googleapis.com/auth/cloud-platform","https://www.googleapis.com/auth/userinfo.email"]
[debug] [2025-10-25T09:00:12.597Z] > authorizing via signed-in user (baranguler.65091@gmail.com)
[error] Failed to fetch Firebase Project from Studio Workspace because WORKSPACE_SLUG environment variable is empty
[debug] [2025-10-25T09:00:12.601Z] > command requires scopes: ["email","openid","https://www.googleapis.com/auth/cloudplatformprojects.readonly","https://www.googleapis.com/auth/firebase","https://www.googleapis.com/auth/cloud-platform","https://www.googleapis.com/auth/userinfo.email"]
[debug] [2025-10-25T09:00:12.603Z] > authorizing via signed-in user (baranguler.65091@gmail.com)
[error] Failed to fetch Firebase Project from Studio Workspace because WORKSPACE_SLUG environment variable is empty
[error] Failed to fetch Firebase Project from Studio Workspace because WORKSPACE_SLUG environment variable is empty
[debug] [2025-10-25T09:00:12.635Z] > command requires scopes: ["email","openid","https://www.googleapis.com/auth/cloudplatformprojects.readonly","https://www.googleapis.com/auth/firebase","https://www.googleapis.com/auth/cloud-platform","https://www.googleapis.com/auth/userinfo.email"]
[debug] [2025-10-25T09:00:12.635Z] > authorizing via signed-in user (baranguler.65091@gmail.com)
[error] Failed to fetch Firebase Project from Studio Workspace because WORKSPACE_SLUG environment variable is empty
[debug] [2025-10-25T09:00:12.641Z] > command requires scopes: ["email","openid","https://www.googleapis.com/auth/cloudplatformprojects.readonly","https://www.googleapis.com/auth/firebase","https://www.googleapis.com/auth/cloud-platform","https://www.googleapis.com/auth/userinfo.email"]
[debug] [2025-10-25T09:00:12.641Z] > authorizing via signed-in user (baranguler.65091@gmail.com)
[error] Failed to fetch Firebase Project from Studio Workspace because WORKSPACE_SLUG environment variable is empty
[error] Failed to fetch Firebase Project from Studio Workspace because WORKSPACE_SLUG environment variable is empty
[error] Failed to fetch Firebase Project from Studio Workspace because WORKSPACE_SLUG environment variable is empty
[error] Failed to fetch Firebase Project from Studio Workspace because WORKSPACE_SLUG environment variable is empty
[debug] [2025-10-25T09:01:46.848Z] > command requires scopes: ["email","openid","https://www.googleapis.com/auth/cloudplatformprojects.readonly","https://www.googleapis.com/auth/firebase","https://www.googleapis.com/auth/cloud-platform","https://www.googleapis.com/auth/userinfo.email"]
[debug] [2025-10-25T09:01:46.852Z] > authorizing via signed-in user (baranguler.65091@gmail.com)
[debug] [2025-10-25T09:01:46.866Z] Checked if tokens are valid: true, expires at: 1761384117972
[debug] [2025-10-25T09:01:46.867Z] Checked if tokens are valid: true, expires at: 1761384117972
[debug] [2025-10-25T09:01:46.887Z] Checked if tokens are valid: true, expires at: 1761384117972
[debug] [2025-10-25T09:01:46.889Z] Checked if tokens are valid: true, expires at: 1761384117972
[debug] [2025-10-25T09:01:46.891Z] Checked if tokens are valid: true, expires at: 1761384117972
[debug] [2025-10-25T09:01:46.891Z] Checked if tokens are valid: true, expires at: 1761384117972
[debug] [2025-10-25T09:01:46.894Z] > command requires scopes: ["email","openid","https://www.googleapis.com/auth/cloudplatformprojects.readonly","https://www.googleapis.com/auth/firebase","https://www.googleapis.com/auth/cloud-platform","https://www.googleapis.com/auth/userinfo.email"]
[debug] [2025-10-25T09:01:46.895Z] > authorizing via signed-in user (baranguler.65091@gmail.com)
[debug] [2025-10-25T09:01:46.898Z] >>> [apiv2][query] GET https://serviceusage.googleapis.com/v1/projects/bematch-new/services/firebasedataconnect.googleapis.com [none]
[debug] [2025-10-25T09:01:46.899Z] >>> [apiv2][(partial)header] GET https://serviceusage.googleapis.com/v1/projects/bematch-new/services/firebasedataconnect.googleapis.com x-goog-quota-user=projects/bematch-new
[debug] [2025-10-25T09:01:46.903Z] >>> [apiv2][query] GET https://serviceusage.googleapis.com/v1/projects/bematch-new/services/firebaseapphosting.googleapis.com [none]
[debug] [2025-10-25T09:01:46.904Z] >>> [apiv2][(partial)header] GET https://serviceusage.googleapis.com/v1/projects/bematch-new/services/firebaseapphosting.googleapis.com x-goog-quota-user=projects/bematch-new
[debug] [2025-10-25T09:01:46.909Z] >>> [apiv2][query] GET https://serviceusage.googleapis.com/v1/projects/bematch-new/services/firebaseio.com [none]
[debug] [2025-10-25T09:01:46.909Z] >>> [apiv2][(partial)header] GET https://serviceusage.googleapis.com/v1/projects/bematch-new/services/firebaseio.com x-goog-quota-user=projects/bematch-new
[debug] [2025-10-25T09:01:46.912Z] Checked if tokens are valid: true, expires at: 1761384117972
[debug] [2025-10-25T09:01:46.913Z] Checked if tokens are valid: true, expires at: 1761384117972
[debug] [2025-10-25T09:01:46.920Z] Checked if tokens are valid: true, expires at: 1761384117972
[debug] [2025-10-25T09:01:46.922Z] Checked if tokens are valid: true, expires at: 1761384117972
[debug] [2025-10-25T09:01:46.923Z] Checked if tokens are valid: true, expires at: 1761384117972
[debug] [2025-10-25T09:01:46.924Z] Checked if tokens are valid: true, expires at: 1761384117972
[debug] [2025-10-25T09:01:46.924Z] >>> [apiv2][query] GET https://serviceusage.googleapis.com/v1/projects/bematch-new/services/firebasedataconnect.googleapis.com [none]
[debug] [2025-10-25T09:01:46.924Z] >>> [apiv2][(partial)header] GET https://serviceusage.googleapis.com/v1/projects/bematch-new/services/firebasedataconnect.googleapis.com x-goog-quota-user=projects/bematch-new
[debug] [2025-10-25T09:01:46.929Z] >>> [apiv2][query] GET https://serviceusage.googleapis.com/v1/projects/bematch-new/services/firebaseapphosting.googleapis.com [none]
[debug] [2025-10-25T09:01:46.929Z] >>> [apiv2][(partial)header] GET https://serviceusage.googleapis.com/v1/projects/bematch-new/services/firebaseapphosting.googleapis.com x-goog-quota-user=projects/bematch-new
[debug] [2025-10-25T09:01:46.932Z] >>> [apiv2][query] GET https://serviceusage.googleapis.com/v1/projects/bematch-new/services/firebaseio.com [none]
[debug] [2025-10-25T09:01:46.932Z] >>> [apiv2][(partial)header] GET https://serviceusage.googleapis.com/v1/projects/bematch-new/services/firebaseio.com x-goog-quota-user=projects/bematch-new
[error] Failed to fetch Firebase Project from Studio Workspace because WORKSPACE_SLUG environment variable is empty
[error] Failed to fetch Firebase Project from Studio Workspace because WORKSPACE_SLUG environment variable is empty
[error] Failed to fetch Firebase Project from Studio Workspace because WORKSPACE_SLUG environment variable is empty
[error] Failed to fetch Firebase Project from Studio Workspace because WORKSPACE_SLUG environment variable is empty
[debug] [2025-10-25T09:01:46.955Z] > command requires scopes: ["email","openid","https://www.googleapis.com/auth/cloudplatformprojects.readonly","https://www.googleapis.com/auth/firebase","https://www.googleapis.com/auth/cloud-platform","https://www.googleapis.com/auth/userinfo.email"]
[debug] [2025-10-25T09:01:46.955Z] > authorizing via signed-in user (baranguler.65091@gmail.com)
[debug] [2025-10-25T09:01:46.955Z] > command requires scopes: ["email","openid","https://www.googleapis.com/auth/cloudplatformprojects.readonly","https://www.googleapis.com/auth/firebase","https://www.googleapis.com/auth/cloud-platform","https://www.googleapis.com/auth/userinfo.email"]
[debug] [2025-10-25T09:01:46.955Z] > authorizing via signed-in user (baranguler.65091@gmail.com)
[debug] [2025-10-25T09:01:46.956Z] Checked if tokens are valid: true, expires at: 1761384117972
[debug] [2025-10-25T09:01:46.957Z] Checked if tokens are valid: true, expires at: 1761384117972
[debug] [2025-10-25T09:01:46.961Z] Checked if tokens are valid: true, expires at: 1761384117972
[debug] [2025-10-25T09:01:46.961Z] Checked if tokens are valid: true, expires at: 1761384117972
[debug] [2025-10-25T09:01:46.961Z] Checked if tokens are valid: true, expires at: 1761384117972
[debug] [2025-10-25T09:01:46.961Z] Checked if tokens are valid: true, expires at: 1761384117972
[debug] [2025-10-25T09:01:46.963Z] Checked if tokens are valid: true, expires at: 1761384117972
[debug] [2025-10-25T09:01:46.963Z] Checked if tokens are valid: true, expires at: 1761384117972
[debug] [2025-10-25T09:01:46.968Z] Checked if tokens are valid: true, expires at: 1761384117972
[debug] [2025-10-25T09:01:46.969Z] Checked if tokens are valid: true, expires at: 1761384117972
[debug] [2025-10-25T09:01:46.969Z] Checked if tokens are valid: true, expires at: 1761384117972
[debug] [2025-10-25T09:01:46.969Z] Checked if tokens are valid: true, expires at: 1761384117972
[debug] [2025-10-25T09:01:46.969Z] >>> [apiv2][query] GET https://serviceusage.googleapis.com/v1/projects/bematch-new/services/firebasedataconnect.googleapis.com [none]
[debug] [2025-10-25T09:01:46.970Z] >>> [apiv2][(partial)header] GET https://serviceusage.googleapis.com/v1/projects/bematch-new/services/firebasedataconnect.googleapis.com x-goog-quota-user=projects/bematch-new
[debug] [2025-10-25T09:01:46.973Z] >>> [apiv2][query] GET https://serviceusage.googleapis.com/v1/projects/bematch-new/services/firebaseapphosting.googleapis.com [none]
[debug] [2025-10-25T09:01:46.973Z] >>> [apiv2][(partial)header] GET https://serviceusage.googleapis.com/v1/projects/bematch-new/services/firebaseapphosting.googleapis.com x-goog-quota-user=projects/bematch-new
[debug] [2025-10-25T09:01:46.976Z] >>> [apiv2][query] GET https://serviceusage.googleapis.com/v1/projects/bematch-new/services/firebaseio.com [none]
[debug] [2025-10-25T09:01:46.977Z] >>> [apiv2][(partial)header] GET https://serviceusage.googleapis.com/v1/projects/bematch-new/services/firebaseio.com x-goog-quota-user=projects/bematch-new
[debug] [2025-10-25T09:01:46.980Z] >>> [apiv2][query] GET https://serviceusage.googleapis.com/v1/projects/bematch-new/services/firebasedataconnect.googleapis.com [none]
[debug] [2025-10-25T09:01:46.980Z] >>> [apiv2][(partial)header] GET https://serviceusage.googleapis.com/v1/projects/bematch-new/services/firebasedataconnect.googleapis.com x-goog-quota-user=projects/bematch-new
[debug] [2025-10-25T09:01:46.982Z] >>> [apiv2][query] GET https://serviceusage.googleapis.com/v1/projects/bematch-new/services/firebaseapphosting.googleapis.com [none]
[debug] [2025-10-25T09:01:46.982Z] >>> [apiv2][(partial)header] GET https://serviceusage.googleapis.com/v1/projects/bematch-new/services/firebaseapphosting.googleapis.com x-goog-quota-user=projects/bematch-new
[debug] [2025-10-25T09:01:46.984Z] >>> [apiv2][query] GET https://serviceusage.googleapis.com/v1/projects/bematch-new/services/firebaseio.com [none]
[debug] [2025-10-25T09:01:46.984Z] >>> [apiv2][(partial)header] GET https://serviceusage.googleapis.com/v1/projects/bematch-new/services/firebaseio.com x-goog-quota-user=projects/bematch-new
[debug] [2025-10-25T09:01:47.440Z] <<< [apiv2][status] GET https://serviceusage.googleapis.com/v1/projects/bematch-new/services/firebasedataconnect.googleapis.com 200
[debug] [2025-10-25T09:01:47.441Z] <<< [apiv2][body] GET https://serviceusage.googleapis.com/v1/projects/bematch-new/services/firebasedataconnect.googleapis.com [omitted]
[debug] [2025-10-25T09:01:47.726Z] <<< [apiv2][status] GET https://serviceusage.googleapis.com/v1/projects/bematch-new/services/firebaseio.com 403
[debug] [2025-10-25T09:01:47.726Z] <<< [apiv2][body] GET https://serviceusage.googleapis.com/v1/projects/bematch-new/services/firebaseio.com [omitted]
[debug] [2025-10-25T09:01:47.732Z] <<< [apiv2][status] GET https://serviceusage.googleapis.com/v1/projects/bematch-new/services/firebaseio.com 403
[debug] [2025-10-25T09:01:47.734Z] <<< [apiv2][body] GET https://serviceusage.googleapis.com/v1/projects/bematch-new/services/firebaseio.com [omitted]
[debug] [2025-10-25T09:01:47.778Z] <<< [apiv2][status] GET https://serviceusage.googleapis.com/v1/projects/bematch-new/services/firebaseio.com 403
[debug] [2025-10-25T09:01:47.778Z] <<< [apiv2][body] GET https://serviceusage.googleapis.com/v1/projects/bematch-new/services/firebaseio.com [omitted]
[debug] [2025-10-25T09:01:47.780Z] <<< [apiv2][status] GET https://serviceusage.googleapis.com/v1/projects/bematch-new/services/firebaseio.com 403
[debug] [2025-10-25T09:01:47.780Z] <<< [apiv2][body] GET https://serviceusage.googleapis.com/v1/projects/bematch-new/services/firebaseio.com [omitted]
[debug] [2025-10-25T09:01:47.863Z] <<< [apiv2][status] GET https://serviceusage.googleapis.com/v1/projects/bematch-new/services/firebaseapphosting.googleapis.com 200
[debug] [2025-10-25T09:01:47.863Z] <<< [apiv2][body] GET https://serviceusage.googleapis.com/v1/projects/bematch-new/services/firebaseapphosting.googleapis.com [omitted]
[debug] [2025-10-25T09:01:47.870Z] <<< [apiv2][status] GET https://serviceusage.googleapis.com/v1/projects/bematch-new/services/firebasedataconnect.googleapis.com 200
[debug] [2025-10-25T09:01:47.870Z] <<< [apiv2][body] GET https://serviceusage.googleapis.com/v1/projects/bematch-new/services/firebasedataconnect.googleapis.com [omitted]
[debug] [2025-10-25T09:01:47.871Z] <<< [apiv2][status] GET https://serviceusage.googleapis.com/v1/projects/bematch-new/services/firebaseapphosting.googleapis.com 200
[debug] [2025-10-25T09:01:47.871Z] <<< [apiv2][body] GET https://serviceusage.googleapis.com/v1/projects/bematch-new/services/firebaseapphosting.googleapis.com [omitted]
[error] Failed to fetch Firebase Project from Studio Workspace because WORKSPACE_SLUG environment variable is empty
[error] Failed to fetch Firebase Project from Studio Workspace because WORKSPACE_SLUG environment variable is empty
[error] Failed to fetch Firebase Project from Studio Workspace because WORKSPACE_SLUG environment variable is empty
[debug] [2025-10-25T09:01:47.914Z] > command requires scopes: ["email","openid","https://www.googleapis.com/auth/cloudplatformprojects.readonly","https://www.googleapis.com/auth/firebase","https://www.googleapis.com/auth/cloud-platform","https://www.googleapis.com/auth/userinfo.email"]
[debug] [2025-10-25T09:01:47.914Z] > authorizing via signed-in user (baranguler.65091@gmail.com)
[error] Failed to fetch Firebase Project from Studio Workspace because WORKSPACE_SLUG environment variable is empty
[debug] [2025-10-25T09:01:47.933Z] > command requires scopes: ["email","openid","https://www.googleapis.com/auth/cloudplatformprojects.readonly","https://www.googleapis.com/auth/firebase","https://www.googleapis.com/auth/cloud-platform","https://www.googleapis.com/auth/userinfo.email"]
[debug] [2025-10-25T09:01:47.933Z] > authorizing via signed-in user (baranguler.65091@gmail.com)
[debug] [2025-10-25T09:01:47.957Z] <<< [apiv2][status] GET https://serviceusage.googleapis.com/v1/projects/bematch-new/services/firebasedataconnect.googleapis.com 200
[debug] [2025-10-25T09:01:47.957Z] <<< [apiv2][body] GET https://serviceusage.googleapis.com/v1/projects/bematch-new/services/firebasedataconnect.googleapis.com [omitted]
[debug] [2025-10-25T09:01:47.963Z] <<< [apiv2][status] GET https://serviceusage.googleapis.com/v1/projects/bematch-new/services/firebaseapphosting.googleapis.com 200
[debug] [2025-10-25T09:01:47.964Z] <<< [apiv2][body] GET https://serviceusage.googleapis.com/v1/projects/bematch-new/services/firebaseapphosting.googleapis.com [omitted]
[debug] [2025-10-25T09:01:47.975Z] <<< [apiv2][status] GET https://serviceusage.googleapis.com/v1/projects/bematch-new/services/firebaseapphosting.googleapis.com 200
[debug] [2025-10-25T09:01:47.976Z] <<< [apiv2][body] GET https://serviceusage.googleapis.com/v1/projects/bematch-new/services/firebaseapphosting.googleapis.com [omitted]
[error] Failed to fetch Firebase Project from Studio Workspace because WORKSPACE_SLUG environment variable is empty
[error] Failed to fetch Firebase Project from Studio Workspace because WORKSPACE_SLUG environment variable is empty
[error] Failed to fetch Firebase Project from Studio Workspace because WORKSPACE_SLUG environment variable is empty
[debug] [2025-10-25T09:01:48.011Z] > command requires scopes: ["email","openid","https://www.googleapis.com/auth/cloudplatformprojects.readonly","https://www.googleapis.com/auth/firebase","https://www.googleapis.com/auth/cloud-platform","https://www.googleapis.com/auth/userinfo.email"]
[debug] [2025-10-25T09:01:48.014Z] > authorizing via signed-in user (baranguler.65091@gmail.com)
[error] Failed to fetch Firebase Project from Studio Workspace because WORKSPACE_SLUG environment variable is empty
[debug] [2025-10-25T09:01:48.022Z] > command requires scopes: ["email","openid","https://www.googleapis.com/auth/cloudplatformprojects.readonly","https://www.googleapis.com/auth/firebase","https://www.googleapis.com/auth/cloud-platform","https://www.googleapis.com/auth/userinfo.email"]
[debug] [2025-10-25T09:01:48.022Z] > authorizing via signed-in user (baranguler.65091@gmail.com)
[debug] [2025-10-25T09:01:48.031Z] <<< [apiv2][status] GET https://serviceusage.googleapis.com/v1/projects/bematch-new/services/firebasedataconnect.googleapis.com 200
[debug] [2025-10-25T09:01:48.031Z] <<< [apiv2][body] GET https://serviceusage.googleapis.com/v1/projects/bematch-new/services/firebasedataconnect.googleapis.com [omitted]
[error] Failed to fetch Firebase Project from Studio Workspace because WORKSPACE_SLUG environment variable is empty
[error] Failed to fetch Firebase Project from Studio Workspace because WORKSPACE_SLUG environment variable is empty
[error] Failed to fetch Firebase Project from Studio Workspace because WORKSPACE_SLUG environment variable is empty
[debug] [2025-10-25T09:01:48.062Z] > command requires scopes: ["email","openid","https://www.googleapis.com/auth/cloudplatformprojects.readonly","https://www.googleapis.com/auth/firebase","https://www.googleapis.com/auth/cloud-platform","https://www.googleapis.com/auth/userinfo.email"]
[debug] [2025-10-25T09:01:48.063Z] > authorizing via signed-in user (baranguler.65091@gmail.com)
[error] Failed to fetch Firebase Project from Studio Workspace because WORKSPACE_SLUG environment variable is empty
[debug] [2025-10-25T09:01:48.071Z] > command requires scopes: ["email","openid","https://www.googleapis.com/auth/cloudplatformprojects.readonly","https://www.googleapis.com/auth/firebase","https://www.googleapis.com/auth/cloud-platform","https://www.googleapis.com/auth/userinfo.email"]
[debug] [2025-10-25T09:01:48.072Z] > authorizing via signed-in user (baranguler.65091@gmail.com)
[error] Failed to fetch Firebase Project from Studio Workspace because WORKSPACE_SLUG environment variable is empty
[error] Failed to fetch Firebase Project from Studio Workspace because WORKSPACE_SLUG environment variable is empty
[error] Failed to fetch Firebase Project from Studio Workspace because WORKSPACE_SLUG environment variable is empty
[error] Failed to fetch Firebase Project from Studio Workspace because WORKSPACE_SLUG environment variable is empty
[debug] [2025-10-25T09:01:48.099Z] > command requires scopes: ["email","openid","https://www.googleapis.com/auth/cloudplatformprojects.readonly","https://www.googleapis.com/auth/firebase","https://www.googleapis.com/auth/cloud-platform","https://www.googleapis.com/auth/userinfo.email"]
[debug] [2025-10-25T09:01:48.102Z] > authorizing via signed-in user (baranguler.65091@gmail.com)
[error] Failed to fetch Firebase Project from Studio Workspace because WORKSPACE_SLUG environment variable is empty
[debug] [2025-10-25T09:01:48.107Z] > command requires scopes: ["email","openid","https://www.googleapis.com/auth/cloudplatformprojects.readonly","https://www.googleapis.com/auth/firebase","https://www.googleapis.com/auth/cloud-platform","https://www.googleapis.com/auth/userinfo.email"]
[debug] [2025-10-25T09:01:48.107Z] > authorizing via signed-in user (baranguler.65091@gmail.com)
[error] Failed to fetch Firebase Project from Studio Workspace because WORKSPACE_SLUG environment variable is empty
[error] Failed to fetch Firebase Project from Studio Workspace because WORKSPACE_SLUG environment variable is empty
[debug] [2025-10-25T09:01:48.148Z] > command requires scopes: ["email","openid","https://www.googleapis.com/auth/cloudplatformprojects.readonly","https://www.googleapis.com/auth/firebase","https://www.googleapis.com/auth/cloud-platform","https://www.googleapis.com/auth/userinfo.email"]
[debug] [2025-10-25T09:01:48.148Z] > authorizing via signed-in user (baranguler.65091@gmail.com)
[error] Failed to fetch Firebase Project from Studio Workspace because WORKSPACE_SLUG environment variable is empty
[debug] [2025-10-25T09:01:48.156Z] > command requires scopes: ["email","openid","https://www.googleapis.com/auth/cloudplatformprojects.readonly","https://www.googleapis.com/auth/firebase","https://www.googleapis.com/auth/cloud-platform","https://www.googleapis.com/auth/userinfo.email"]
[debug] [2025-10-25T09:01:48.163Z] > authorizing via signed-in user (baranguler.65091@gmail.com)
[error] Failed to fetch Firebase Project from Studio Workspace because WORKSPACE_SLUG environment variable is empty
[error] Failed to fetch Firebase Project from Studio Workspace because WORKSPACE_SLUG environment variable is empty
[error] Failed to fetch Firebase Project from Studio Workspace because WORKSPACE_SLUG environment variable is empty
[error] Failed to fetch Firebase Project from Studio Workspace because WORKSPACE_SLUG environment variable is empty
[debug] [2025-10-25T20:42:41.075Z] > command requires scopes: ["email","openid","https://www.googleapis.com/auth/cloudplatformprojects.readonly","https://www.googleapis.com/auth/firebase","https://www.googleapis.com/auth/cloud-platform","https://www.googleapis.com/auth/userinfo.email"]
[debug] [2025-10-25T20:42:41.077Z] > authorizing via signed-in user (baranguler.65091@gmail.com)
[debug] [2025-10-25T20:42:41.114Z] Checked if tokens are valid: false, expires at: 1761384117972
[debug] [2025-10-25T20:42:41.115Z] Checked if tokens are valid: false, expires at: 1761384117972
[debug] [2025-10-25T20:42:41.118Z] > refreshing access token with scopes: []
[debug] [2025-10-25T20:42:41.136Z] >>> [apiv2][query] POST https://www.googleapis.com/oauth2/v3/token [none]
[debug] [2025-10-25T20:42:41.139Z] >>> [apiv2][body] POST https://www.googleapis.com/oauth2/v3/token [omitted]
[debug] [2025-10-25T20:42:41.166Z] Checked if tokens are valid: false, expires at: 1761384117972
[debug] [2025-10-25T20:42:41.167Z] Checked if tokens are valid: false, expires at: 1761384117972
[debug] [2025-10-25T20:42:41.167Z] > refreshing access token with scopes: []
[debug] [2025-10-25T20:42:41.168Z] >>> [apiv2][query] POST https://www.googleapis.com/oauth2/v3/token [none]
[debug] [2025-10-25T20:42:41.169Z] >>> [apiv2][body] POST https://www.googleapis.com/oauth2/v3/token [omitted]
[debug] [2025-10-25T20:42:41.175Z] Checked if tokens are valid: false, expires at: 1761384117972
[debug] [2025-10-25T20:42:41.175Z] Checked if tokens are valid: false, expires at: 1761384117972
[debug] [2025-10-25T20:42:41.175Z] > refreshing access token with scopes: []
[debug] [2025-10-25T20:42:41.177Z] >>> [apiv2][query] POST https://www.googleapis.com/oauth2/v3/token [none]
[debug] [2025-10-25T20:42:41.177Z] >>> [apiv2][body] POST https://www.googleapis.com/oauth2/v3/token [omitted]
[debug] [2025-10-25T20:42:41.182Z] > command requires scopes: ["email","openid","https://www.googleapis.com/auth/cloudplatformprojects.readonly","https://www.googleapis.com/auth/firebase","https://www.googleapis.com/auth/cloud-platform","https://www.googleapis.com/auth/userinfo.email"]
[debug] [2025-10-25T20:42:41.182Z] > authorizing via signed-in user (baranguler.65091@gmail.com)
[debug] [2025-10-25T20:42:41.184Z] Checked if tokens are valid: false, expires at: 1761384117972
[debug] [2025-10-25T20:42:41.184Z] Checked if tokens are valid: false, expires at: 1761384117972
[debug] [2025-10-25T20:42:41.184Z] > refreshing access token with scopes: []
[debug] [2025-10-25T20:42:41.184Z] >>> [apiv2][query] POST https://www.googleapis.com/oauth2/v3/token [none]
[debug] [2025-10-25T20:42:41.184Z] >>> [apiv2][body] POST https://www.googleapis.com/oauth2/v3/token [omitted]
[debug] [2025-10-25T20:42:41.197Z] Checked if tokens are valid: false, expires at: 1761384117972
[debug] [2025-10-25T20:42:41.197Z] Checked if tokens are valid: false, expires at: 1761384117972
[debug] [2025-10-25T20:42:41.198Z] > refreshing access token with scopes: []
[debug] [2025-10-25T20:42:41.198Z] >>> [apiv2][query] POST https://www.googleapis.com/oauth2/v3/token [none]
[debug] [2025-10-25T20:42:41.199Z] >>> [apiv2][body] POST https://www.googleapis.com/oauth2/v3/token [omitted]
[debug] [2025-10-25T20:42:41.201Z] Checked if tokens are valid: false, expires at: 1761384117972
[debug] [2025-10-25T20:42:41.202Z] Checked if tokens are valid: false, expires at: 1761384117972
[debug] [2025-10-25T20:42:41.202Z] > refreshing access token with scopes: []
[debug] [2025-10-25T20:42:41.203Z] >>> [apiv2][query] POST https://www.googleapis.com/oauth2/v3/token [none]
[debug] [2025-10-25T20:42:41.203Z] >>> [apiv2][body] POST https://www.googleapis.com/oauth2/v3/token [omitted]
[debug] [2025-10-25T20:42:41.651Z] <<< [apiv2][status] POST https://www.googleapis.com/oauth2/v3/token 200
[debug] [2025-10-25T20:42:41.652Z] <<< [apiv2][body] POST https://www.googleapis.com/oauth2/v3/token [omitted]
[debug] [2025-10-25T20:42:41.710Z] >>> [apiv2][query] GET https://serviceusage.googleapis.com/v1/projects/bematch-new/services/firebaseio.com [none]
[debug] [2025-10-25T20:42:41.710Z] >>> [apiv2][(partial)header] GET https://serviceusage.googleapis.com/v1/projects/bematch-new/services/firebaseio.com x-goog-quota-user=projects/bematch-new
[debug] [2025-10-25T20:42:41.736Z] <<< [apiv2][status] POST https://www.googleapis.com/oauth2/v3/token 200
[debug] [2025-10-25T20:42:41.736Z] <<< [apiv2][body] POST https://www.googleapis.com/oauth2/v3/token [omitted]
[debug] [2025-10-25T20:42:41.762Z] >>> [apiv2][query] GET https://serviceusage.googleapis.com/v1/projects/bematch-new/services/firebaseapphosting.googleapis.com [none]
[debug] [2025-10-25T20:42:41.763Z] >>> [apiv2][(partial)header] GET https://serviceusage.googleapis.com/v1/projects/bematch-new/services/firebaseapphosting.googleapis.com x-goog-quota-user=projects/bematch-new
[debug] [2025-10-25T20:42:41.893Z] <<< [apiv2][status] POST https://www.googleapis.com/oauth2/v3/token 200
[debug] [2025-10-25T20:42:41.894Z] <<< [apiv2][body] POST https://www.googleapis.com/oauth2/v3/token [omitted]
[debug] [2025-10-25T20:42:41.935Z] >>> [apiv2][query] GET https://serviceusage.googleapis.com/v1/projects/bematch-new/services/firebasedataconnect.googleapis.com [none]
[debug] [2025-10-25T20:42:41.935Z] >>> [apiv2][(partial)header] GET https://serviceusage.googleapis.com/v1/projects/bematch-new/services/firebasedataconnect.googleapis.com x-goog-quota-user=projects/bematch-new
[debug] [2025-10-25T20:42:41.951Z] <<< [apiv2][status] POST https://www.googleapis.com/oauth2/v3/token 200
[debug] [2025-10-25T20:42:41.952Z] <<< [apiv2][body] POST https://www.googleapis.com/oauth2/v3/token [omitted]
[debug] [2025-10-25T20:42:41.989Z] >>> [apiv2][query] GET https://serviceusage.googleapis.com/v1/projects/bematch-new/services/firebaseio.com [none]
[debug] [2025-10-25T20:42:41.989Z] >>> [apiv2][(partial)header] GET https://serviceusage.googleapis.com/v1/projects/bematch-new/services/firebaseio.com x-goog-quota-user=projects/bematch-new
[debug] [2025-10-25T20:42:42.168Z] <<< [apiv2][status] POST https://www.googleapis.com/oauth2/v3/token 200
[debug] [2025-10-25T20:42:42.168Z] <<< [apiv2][body] POST https://www.googleapis.com/oauth2/v3/token [omitted]
[debug] [2025-10-25T20:42:42.188Z] >>> [apiv2][query] GET https://serviceusage.googleapis.com/v1/projects/bematch-new/services/firebaseapphosting.googleapis.com [none]
[debug] [2025-10-25T20:42:42.189Z] >>> [apiv2][(partial)header] GET https://serviceusage.googleapis.com/v1/projects/bematch-new/services/firebaseapphosting.googleapis.com x-goog-quota-user=projects/bematch-new
[debug] [2025-10-25T20:42:42.222Z] <<< [apiv2][status] POST https://www.googleapis.com/oauth2/v3/token 200
[debug] [2025-10-25T20:42:42.223Z] <<< [apiv2][body] POST https://www.googleapis.com/oauth2/v3/token [omitted]
[debug] [2025-10-25T20:42:42.248Z] >>> [apiv2][query] GET https://serviceusage.googleapis.com/v1/projects/bematch-new/services/firebasedataconnect.googleapis.com [none]
[debug] [2025-10-25T20:42:42.248Z] >>> [apiv2][(partial)header] GET https://serviceusage.googleapis.com/v1/projects/bematch-new/services/firebasedataconnect.googleapis.com x-goog-quota-user=projects/bematch-new
[debug] [2025-10-25T20:42:42.546Z] <<< [apiv2][status] GET https://serviceusage.googleapis.com/v1/projects/bematch-new/services/firebaseio.com 403
[debug] [2025-10-25T20:42:42.546Z] <<< [apiv2][body] GET https://serviceusage.googleapis.com/v1/projects/bematch-new/services/firebaseio.com [omitted]
[debug] [2025-10-25T20:42:42.842Z] <<< [apiv2][status] GET https://serviceusage.googleapis.com/v1/projects/bematch-new/services/firebaseio.com 403
[debug] [2025-10-25T20:42:42.842Z] <<< [apiv2][body] GET https://serviceusage.googleapis.com/v1/projects/bematch-new/services/firebaseio.com [omitted]
[debug] [2025-10-25T20:42:42.874Z] <<< [apiv2][status] GET https://serviceusage.googleapis.com/v1/projects/bematch-new/services/firebaseapphosting.googleapis.com 200
[debug] [2025-10-25T20:42:42.875Z] <<< [apiv2][body] GET https://serviceusage.googleapis.com/v1/projects/bematch-new/services/firebaseapphosting.googleapis.com [omitted]
[debug] [2025-10-25T20:42:42.958Z] <<< [apiv2][status] GET https://serviceusage.googleapis.com/v1/projects/bematch-new/services/firebasedataconnect.googleapis.com 200
[debug] [2025-10-25T20:42:42.958Z] <<< [apiv2][body] GET https://serviceusage.googleapis.com/v1/projects/bematch-new/services/firebasedataconnect.googleapis.com [omitted]
[debug] [2025-10-25T20:42:43.049Z] <<< [apiv2][status] GET https://serviceusage.googleapis.com/v1/projects/bematch-new/services/firebaseapphosting.googleapis.com 200
[debug] [2025-10-25T20:42:43.050Z] <<< [apiv2][body] GET https://serviceusage.googleapis.com/v1/projects/bematch-new/services/firebaseapphosting.googleapis.com [omitted]
[debug] [2025-10-25T20:42:43.082Z] <<< [apiv2][status] GET https://serviceusage.googleapis.com/v1/projects/bematch-new/services/firebasedataconnect.googleapis.com 200
[debug] [2025-10-25T20:42:43.082Z] <<< [apiv2][body] GET https://serviceusage.googleapis.com/v1/projects/bematch-new/services/firebasedataconnect.googleapis.com [omitted]
[error] Failed to fetch Firebase Project from Studio Workspace because WORKSPACE_SLUG environment variable is empty
[error] Failed to fetch Firebase Project from Studio Workspace because WORKSPACE_SLUG environment variable is empty
[error] Failed to fetch Firebase Project from Studio Workspace because WORKSPACE_SLUG environment variable is empty
[debug] [2025-10-25T20:42:43.108Z] > command requires scopes: ["email","openid","https://www.googleapis.com/auth/cloudplatformprojects.readonly","https://www.googleapis.com/auth/firebase","https://www.googleapis.com/auth/cloud-platform","https://www.googleapis.com/auth/userinfo.email"]
[debug] [2025-10-25T20:42:43.109Z] > authorizing via signed-in user (baranguler.65091@gmail.com)
[error] Failed to fetch Firebase Project from Studio Workspace because WORKSPACE_SLUG environment variable is empty
[debug] [2025-10-25T20:42:43.113Z] > command requires scopes: ["email","openid","https://www.googleapis.com/auth/cloudplatformprojects.readonly","https://www.googleapis.com/auth/firebase","https://www.googleapis.com/auth/cloud-platform","https://www.googleapis.com/auth/userinfo.email"]
[debug] [2025-10-25T20:42:43.113Z] > authorizing via signed-in user (baranguler.65091@gmail.com)
